p/48_1118_1723643181.0036893.png 1 0 0 120 120
p/47_1114_1723643180.676056.png 1 0 0 120 120
p/46_1101_1723643180.3312397.png 1 0 0 120 120
p/45_1063_1723643180.0205498.png 1 0 0 120 120
p/44_1080_1723643179.6765995.png 1 0 0 120 120
p/43_1056_1723643179.3483572.png 1 0 0 120 120
p/42_1180_1723643179.0020719.png 1 0 0 120 120
p/41_1089_1723643178.6720164.png 1 0 0 120 120
p/40_1278_1723643178.3462317.png 1 0 0 120 120
p/39_1218_1723643178.0195043.png 1 0 0 120 120
p/38_1229_1723643177.6790836.png 1 0 0 120 120
p/37_1064_1723643177.3209074.png 1 0 0 120 120
p/36_1095_1723643176.9946754.png 1 0 0 120 120
p/35_1097_1723643176.6822026.png 1 0 0 120 120
p/34_1136_1723643176.356561.png 1 0 0 120 120
p/33_1110_1723643176.0170555.png 1 0 0 120 120
p/32_1191_1723643175.65882.png 1 0 0 120 120
p/31_1607_1723643175.330693.png 1 0 0 120 120
p/30_1003_1723643175.0035005.png 1 0 0 120 120
p/29_1000_1723643174.68107.png 1 0 0 120 120
p/28_997_1723643174.311935.png 1 0 0 120 120
p/27_1019_1723643173.9642887.png 1 0 0 120 120
p/26_1057_1723643173.6563354.png 1 0 0 120 120
p/25_1241_1723643173.2935255.png 1 0 0 120 120
p/24_1234_1723643172.983808.png 1 0 0 120 120
p/23_1087_1723643172.6423194.png 1 0 0 120 120
p/22_1127_1723643172.3274055.png 1 0 0 120 120
p/21_1057_1723643171.9752548.png 1 0 0 120 120
p/20_1140_1723643171.6582794.png 1 0 0 120 120
p/19_1002_1723643171.3102112.png 1 0 0 120 120
p/18_1014_1723643170.9994502.png 1 0 0 120 120
p/17_1109_1723643170.6410782.png 1 0 0 120 120
p/16_960_1723643170.3267446.png 1 0 0 120 120
p/15_1059_1723643169.97251.png 1 0 0 120 120
p/14_1281_1723643169.6713738.png 1 0 0 120 120
p/13_1254_1723643169.3187528.png 1 0 0 120 120
p/12_1090_1723643168.999551.png 1 0 0 120 120
p/11_933_1723643168.6362338.png 1 0 0 120 120
p/10_898_1723643168.343447.png 1 0 0 120 120
p/9_1043_1723643167.982117.png 1 0 0 120 120
p/8_1337_1723643167.6733377.png 1 0 0 120 120
p/7_1071_1723643167.3015845.png 1 0 0 120 120
p/6_850_1723643167.0030067.png 1 0 0 120 120
p/5_995_1723643166.6655092.png 1 0 0 120 120
p/4_1087_1723643166.3468409.png 1 0 0 120 120
p/3_1390_1723643165.9764388.png 1 0 0 120 120
p/2_1425_1723643165.6356282.png 1 0 0 120 120
p/1_1305_1723643165.319625.png 1 0 0 120 120
p/0_1030_1723643165.017826.png 1 0 0 120 120