p/30_2229_1724039829.3878176.png 1 0 0 120 120
p/29_2207_1724039829.0519507.png 1 0 0 120 120
p/28_2118_1724039828.7166524.png 1 0 0 120 120
p/27_2256_1724039828.3637927.png 1 0 0 120 120
p/26_2150_1724039828.0229595.png 1 0 0 120 120
p/25_1618_1724039827.7208037.png 1 0 0 120 120
p/24_1116_1724039827.3708096.png 1 0 0 120 120
p/23_849_1724039827.0374737.png 1 0 0 120 120
p/22_961_1724039826.7002866.png 1 0 0 120 120
p/21_1229_1724039826.3759377.png 1 0 0 120 120
p/20_1419_1724039826.045142.png 1 0 0 120 120
p/19_1416_1724039825.704423.png 1 0 0 120 120
p/18_1558_1724039825.3850255.png 1 0 0 120 120
p/17_1757_1724039825.0484908.png 1 0 0 120 120
p/16_1494_1724039824.759555.png 1 0 0 120 120
p/15_1312_1724039824.396715.png 1 0 0 120 120
p/14_1506_1724039824.0241506.png 1 0 0 120 120
p/13_1630_1724039823.722798.png 1 0 0 120 120
p/12_1514_1724039823.3849025.png 1 0 0 120 120
p/11_1403_1724039823.0349836.png 1 0 0 120 120
p/10_1468_1724039822.6991706.png 1 0 0 120 120
p/9_1403_1724039822.360907.png 1 0 0 120 120
p/8_1103_1724039822.0433233.png 1 0 0 120 120
p/7_1369_1724039821.705038.png 1 0 0 120 120
p/6_1180_1724039821.3683963.png 1 0 0 120 120
p/5_747_1724039821.0495877.png 1 0 0 120 120
p/4_1145_1724039820.7161756.png 1 0 0 120 120
p/3_1281_1724039820.3777807.png 1 0 0 120 120
p/2_1659_1724039820.0275428.png 1 0 0 120 120
p/1_2703_1724039819.7052712.png 1 0 0 120 120
p/0_2902_1724039819.3212326.png 1 0 0 120 120